C:\Users\USER\Desktop\AspNetCoreAngularProject\CoreAngular\CoreAngular\ClietApp\vega\dist\out-tsc\src\app\app.error-handler.js
C:\Users\USER\Desktop\AspNetCoreAngularProject\CoreAngular\CoreAngular\ClietApp\vega\dist\out-tsc\src\app\app.error-handler.js.map
C:\Users\USER\Desktop\AspNetCoreAngularProject\CoreAngular\CoreAngular\ClietApp\vega\dist\out-tsc\src\app\app-routing.module.js
C:\Users\USER\Desktop\AspNetCoreAngularProject\CoreAngular\CoreAngular\ClietApp\vega\dist\out-tsc\src\app\app-routing.module.js.map
C:\Users\USER\Desktop\AspNetCoreAngularProject\CoreAngular\CoreAngular\ClietApp\vega\dist\out-tsc\src\app\models\vehicle.js
C:\Users\USER\Desktop\AspNetCoreAngularProject\CoreAngular\CoreAngular\ClietApp\vega\dist\out-tsc\src\app\models\vehicle.js.map
C:\Users\USER\Desktop\AspNetCoreAngularProject\CoreAngular\CoreAngular\ClietApp\vega\dist\out-tsc\src\app\services\vehicle.service.js
C:\Users\USER\Desktop\AspNetCoreAngularProject\CoreAngular\CoreAngular\ClietApp\vega\dist\out-tsc\src\app\services\vehicle.service.js.map
C:\Users\USER\Desktop\AspNetCoreAngularProject\CoreAngular\CoreAngular\ClietApp\vega\dist\out-tsc\src\app\nav-menu\nav-menu.component.js
C:\Users\USER\Desktop\AspNetCoreAngularProject\CoreAngular\CoreAngular\ClietApp\vega\dist\out-tsc\src\app\nav-menu\nav-menu.component.js.map
C:\Users\USER\Desktop\AspNetCoreAngularProject\CoreAngular\CoreAngular\ClietApp\vega\dist\out-tsc\src\app\vehicle-form\vehicle-form.component.js
C:\Users\USER\Desktop\AspNetCoreAngularProject\CoreAngular\CoreAngular\ClietApp\vega\dist\out-tsc\src\app\vehicle-form\vehicle-form.component.js.map
C:\Users\USER\Desktop\AspNetCoreAngularProject\CoreAngular\CoreAngular\ClietApp\vega\dist\out-tsc\src\app\app.component.js
C:\Users\USER\Desktop\AspNetCoreAngularProject\CoreAngular\CoreAngular\ClietApp\vega\dist\out-tsc\src\app\app.component.js.map
C:\Users\USER\Desktop\AspNetCoreAngularProject\CoreAngular\CoreAngular\ClietApp\vega\dist\out-tsc\src\app\vehicle-list\vehicle-list.component.js
C:\Users\USER\Desktop\AspNetCoreAngularProject\CoreAngular\CoreAngular\ClietApp\vega\dist\out-tsc\src\app\vehicle-list\vehicle-list.component.js.map
C:\Users\USER\Desktop\AspNetCoreAngularProject\CoreAngular\CoreAngular\ClietApp\vega\dist\out-tsc\src\app\shared\pagination.component.js
C:\Users\USER\Desktop\AspNetCoreAngularProject\CoreAngular\CoreAngular\ClietApp\vega\dist\out-tsc\src\app\shared\pagination.component.js.map
C:\Users\USER\Desktop\AspNetCoreAngularProject\CoreAngular\CoreAngular\ClietApp\vega\dist\out-tsc\src\app\services\photo.service.js
C:\Users\USER\Desktop\AspNetCoreAngularProject\CoreAngular\CoreAngular\ClietApp\vega\dist\out-tsc\src\app\services\photo.service.js.map
C:\Users\USER\Desktop\AspNetCoreAngularProject\CoreAngular\CoreAngular\ClietApp\vega\dist\out-tsc\src\app\view-vehicle\view-vehicle.component.js
C:\Users\USER\Desktop\AspNetCoreAngularProject\CoreAngular\CoreAngular\ClietApp\vega\dist\out-tsc\src\app\view-vehicle\view-vehicle.component.js.map
C:\Users\USER\Desktop\AspNetCoreAngularProject\CoreAngular\CoreAngular\ClietApp\vega\dist\out-tsc\src\app\app.module.js
C:\Users\USER\Desktop\AspNetCoreAngularProject\CoreAngular\CoreAngular\ClietApp\vega\dist\out-tsc\src\app\app.module.js.map
C:\Users\USER\Desktop\AspNetCoreAngularProject\CoreAngular\CoreAngular\ClietApp\vega\dist\out-tsc\src\environments\environment.js
C:\Users\USER\Desktop\AspNetCoreAngularProject\CoreAngular\CoreAngular\ClietApp\vega\dist\out-tsc\src\environments\environment.js.map
C:\Users\USER\Desktop\AspNetCoreAngularProject\CoreAngular\CoreAngular\ClietApp\vega\dist\out-tsc\src\main.js
C:\Users\USER\Desktop\AspNetCoreAngularProject\CoreAngular\CoreAngular\ClietApp\vega\dist\out-tsc\src\main.js.map
C:\Users\USER\Desktop\AspNetCoreAngularProject\CoreAngular\CoreAngular\ClietApp\vega\dist\out-tsc\src\polyfills.js
C:\Users\USER\Desktop\AspNetCoreAngularProject\CoreAngular\CoreAngular\ClietApp\vega\dist\out-tsc\src\polyfills.js.map
C:\Users\USER\Desktop\AspNetCoreAngularProject\CoreAngular\CoreAngular\ClietApp\vega\dist\out-tsc\src\test.js
C:\Users\USER\Desktop\AspNetCoreAngularProject\CoreAngular\CoreAngular\ClietApp\vega\dist\out-tsc\src\test.js.map
C:\Users\USER\Desktop\AspNetCoreAngularProject\CoreAngular\CoreAngular\ClietApp\vega\dist\out-tsc\e2e\src\app.po.js
C:\Users\USER\Desktop\AspNetCoreAngularProject\CoreAngular\CoreAngular\ClietApp\vega\dist\out-tsc\e2e\src\app.po.js.map
C:\Users\USER\Desktop\AspNetCoreAngularProject\CoreAngular\CoreAngular\ClietApp\vega\dist\out-tsc\e2e\src\app.e2e-spec.js
C:\Users\USER\Desktop\AspNetCoreAngularProject\CoreAngular\CoreAngular\ClietApp\vega\dist\out-tsc\e2e\src\app.e2e-spec.js.map
C:\Users\USER\Desktop\AspNetCoreAngularProject\CoreAngular\CoreAngular\ClietApp\vega\dist\out-tsc\src\app\app.component.spec.js
C:\Users\USER\Desktop\AspNetCoreAngularProject\CoreAngular\CoreAngular\ClietApp\vega\dist\out-tsc\src\app\app.component.spec.js.map
C:\Users\USER\Desktop\AspNetCoreAngularProject\CoreAngular\CoreAngular\ClietApp\vega\dist\out-tsc\src\environments\environment.prod.js
C:\Users\USER\Desktop\AspNetCoreAngularProject\CoreAngular\CoreAngular\ClietApp\vega\dist\out-tsc\src\environments\environment.prod.js.map
C:\Users\USER\Desktop\AspNetCoreAngularProject\CoreAngular\CoreAngular\ClietApp\vega\dist\out-tsc\src\app\vehicle-list\vehicle-list.component.spec.js
C:\Users\USER\Desktop\AspNetCoreAngularProject\CoreAngular\CoreAngular\ClietApp\vega\dist\out-tsc\src\app\vehicle-list\vehicle-list.component.spec.js.map
C:\Users\USER\Desktop\AspNetCoreAngularProject\CoreAngular\CoreAngular\ClietApp\vega\dist\out-tsc\src\app\view-vehicle\view-vehicle.component.spec.js
C:\Users\USER\Desktop\AspNetCoreAngularProject\CoreAngular\CoreAngular\ClietApp\vega\dist\out-tsc\src\app\view-vehicle\view-vehicle.component.spec.js.map
